Determining if the pthread_create exist failed with the following output:
Change Dir: /home/cirlab/catkin_ws/src/tracked_robot_2nd/module/build-faulhaber-Desktop-Default/CMakeFiles/CMakeTmp

Run Build Command:"/usr/bin/make" "cmTC_f7ca4/fast"
/usr/bin/make -f CMakeFiles/cmTC_f7ca4.dir/build.make CMakeFiles/cmTC_f7ca4.dir/build
make[1]: Entering directory '/home/cirlab/catkin_ws/src/tracked_robot_2nd/module/build-faulhaber-Desktop-Default/CMakeFiles/CMakeTmp'
Building C object CMakeFiles/cmTC_f7ca4.dir/CheckSymbolExists.c.o
/usr/bin/gcc     -o CMakeFiles/cmTC_f7ca4.dir/CheckSymbolExists.c.o   -c /home/cirlab/catkin_ws/src/tracked_robot_2nd/module/build-faulhaber-Desktop-Default/CMakeFiles/CMakeTmp/CheckSymbolExists.c
Linking C executable cmTC_f7ca4
/usr/bin/cmake -E cmake_link_script CMakeFiles/cmTC_f7ca4.dir/link.txt --verbose=1
/usr/bin/gcc       CMakeFiles/cmTC_f7ca4.dir/CheckSymbolExists.c.o  -o cmTC_f7ca4 -rdynamic 
CMakeFiles/cmTC_f7ca4.dir/CheckSymbolExists.c.o: In function `main':
CheckSymbolExists.c:(.text+0x16): undefined reference to `pthread_create'
collect2: error: ld returned 1 exit status
CMakeFiles/cmTC_f7ca4.dir/build.make:97: recipe for target 'cmTC_f7ca4' failed
make[1]: *** [cmTC_f7ca4] Error 1
make[1]: Leaving directory '/home/cirlab/catkin_ws/src/tracked_robot_2nd/module/build-faulhaber-Desktop-Default/CMakeFiles/CMakeTmp'
Makefile:126: recipe for target 'cmTC_f7ca4/fast' failed
make: *** [cmTC_f7ca4/fast] Error 2

File /home/cirlab/catkin_ws/src/tracked_robot_2nd/module/build-faulhaber-Desktop-Default/CMakeFiles/CMakeTmp/CheckSymbolExists.c:
/* */
#include <pthread.h>

int main(int argc, char** argv)
{
  (void)argv;
#ifndef pthread_create
  return ((int*)(&pthread_create))[argc];
#else
  (void)argc;
  return 0;
#endif
}

Determining if the function pthread_create exists in the pthreads failed with the following output:
Change Dir: /home/cirlab/catkin_ws/src/tracked_robot_2nd/module/build-faulhaber-Desktop-Default/CMakeFiles/CMakeTmp

Run Build Command:"/usr/bin/make" "cmTC_3e2bb/fast"
/usr/bin/make -f CMakeFiles/cmTC_3e2bb.dir/build.make CMakeFiles/cmTC_3e2bb.dir/build
make[1]: Entering directory '/home/cirlab/catkin_ws/src/tracked_robot_2nd/module/build-faulhaber-Desktop-Default/CMakeFiles/CMakeTmp'
Building C object CMakeFiles/cmTC_3e2bb.dir/CheckFunctionExists.c.o
/usr/bin/gcc    -DCHECK_FUNCTION_EXISTS=pthread_create   -o CMakeFiles/cmTC_3e2bb.dir/CheckFunctionExists.c.o   -c /usr/share/cmake-3.5/Modules/CheckFunctionExists.c
Linking C executable cmTC_3e2bb
/usr/bin/cmake -E cmake_link_script CMakeFiles/cmTC_3e2bb.dir/link.txt --verbose=1
/usr/bin/gcc   -DCHECK_FUNCTION_EXISTS=pthread_create    CMakeFiles/cmTC_3e2bb.dir/CheckFunctionExists.c.o  -o cmTC_3e2bb -rdynamic -lpthreads 
/usr/bin/ld: cannot find -lpthreads
collect2: error: ld returned 1 exit status
CMakeFiles/cmTC_3e2bb.dir/build.make:97: recipe for target 'cmTC_3e2bb' failed
make[1]: *** [cmTC_3e2bb] Error 1
make[1]: Leaving directory '/home/cirlab/catkin_ws/src/tracked_robot_2nd/module/build-faulhaber-Desktop-Default/CMakeFiles/CMakeTmp'
Makefile:126: recipe for target 'cmTC_3e2bb/fast' failed
make: *** [cmTC_3e2bb/fast] Error 2


