Determining if the pthread_create exist failed with the following output:
Change Dir: /home/cirlab/catkin_ws/src/tracked_robot_2nd/module/build-faulhaber-Desktop-Debug/CMakeFiles/CMakeTmp

Run Build Command:"/usr/bin/make" "cmTC_21b8b/fast"
/usr/bin/make -f CMakeFiles/cmTC_21b8b.dir/build.make CMakeFiles/cmTC_21b8b.dir/build
make[1]: Entering directory '/home/cirlab/catkin_ws/src/tracked_robot_2nd/module/build-faulhaber-Desktop-Debug/CMakeFiles/CMakeTmp'
Building C object CMakeFiles/cmTC_21b8b.dir/CheckSymbolExists.c.o
/usr/bin/gcc     -o CMakeFiles/cmTC_21b8b.dir/CheckSymbolExists.c.o   -c /home/cirlab/catkin_ws/src/tracked_robot_2nd/module/build-faulhaber-Desktop-Debug/CMakeFiles/CMakeTmp/CheckSymbolExists.c
Linking C executable cmTC_21b8b
/usr/bin/cmake -E cmake_link_script CMakeFiles/cmTC_21b8b.dir/link.txt --verbose=1
/usr/bin/gcc       CMakeFiles/cmTC_21b8b.dir/CheckSymbolExists.c.o  -o cmTC_21b8b -rdynamic 
CMakeFiles/cmTC_21b8b.dir/CheckSymbolExists.c.o: In function `main':
CheckSymbolExists.c:(.text+0x16): undefined reference to `pthread_create'
collect2: error: ld returned 1 exit status
CMakeFiles/cmTC_21b8b.dir/build.make:97: recipe for target 'cmTC_21b8b' failed
make[1]: *** [cmTC_21b8b] Error 1
make[1]: Leaving directory '/home/cirlab/catkin_ws/src/tracked_robot_2nd/module/build-faulhaber-Desktop-Debug/CMakeFiles/CMakeTmp'
Makefile:126: recipe for target 'cmTC_21b8b/fast' failed
make: *** [cmTC_21b8b/fast] Error 2

File /home/cirlab/catkin_ws/src/tracked_robot_2nd/module/build-faulhaber-Desktop-Debug/CMakeFiles/CMakeTmp/CheckSymbolExists.c:
/* */
#include <pthread.h>

int main(int argc, char** argv)
{
  (void)argv;
#ifndef pthread_create
  return ((int*)(&pthread_create))[argc];
#else
  (void)argc;
  return 0;
#endif
}

Determining if the function pthread_create exists in the pthreads failed with the following output:
Change Dir: /home/cirlab/catkin_ws/src/tracked_robot_2nd/module/build-faulhaber-Desktop-Debug/CMakeFiles/CMakeTmp

Run Build Command:"/usr/bin/make" "cmTC_c8c2f/fast"
/usr/bin/make -f CMakeFiles/cmTC_c8c2f.dir/build.make CMakeFiles/cmTC_c8c2f.dir/build
make[1]: Entering directory '/home/cirlab/catkin_ws/src/tracked_robot_2nd/module/build-faulhaber-Desktop-Debug/CMakeFiles/CMakeTmp'
Building C object CMakeFiles/cmTC_c8c2f.dir/CheckFunctionExists.c.o
/usr/bin/gcc    -DCHECK_FUNCTION_EXISTS=pthread_create   -o CMakeFiles/cmTC_c8c2f.dir/CheckFunctionExists.c.o   -c /usr/share/cmake-3.5/Modules/CheckFunctionExists.c
Linking C executable cmTC_c8c2f
/usr/bin/cmake -E cmake_link_script CMakeFiles/cmTC_c8c2f.dir/link.txt --verbose=1
/usr/bin/gcc   -DCHECK_FUNCTION_EXISTS=pthread_create    CMakeFiles/cmTC_c8c2f.dir/CheckFunctionExists.c.o  -o cmTC_c8c2f -rdynamic -lpthreads 
/usr/bin/ld: cannot find -lpthreads
collect2: error: ld returned 1 exit status
CMakeFiles/cmTC_c8c2f.dir/build.make:97: recipe for target 'cmTC_c8c2f' failed
make[1]: *** [cmTC_c8c2f] Error 1
make[1]: Leaving directory '/home/cirlab/catkin_ws/src/tracked_robot_2nd/module/build-faulhaber-Desktop-Debug/CMakeFiles/CMakeTmp'
Makefile:126: recipe for target 'cmTC_c8c2f/fast' failed
make: *** [cmTC_c8c2f/fast] Error 2


